SIOCSARP: Invalid argument
arp: cannot set entry on line 83 of etherfile /tmp/arp.txt !
sudo: unable to resolve host lxc-83: Connection refused
Waiting for 1 secs ...
Connecting ...
Connected ...
Client Sending Message ...
Waiting for response ...
Got:  ACK!
Time Elapsed:  0.0023500919342
Connecting ...
Connected ...
Client Sending Message ...
Waiting for response ...
Got:  ACK!
Time Elapsed:  0.00151991844177
Connecting ...
Connected ...
Client Sending Message ...
Waiting for response ...
Got:  ACK!
Time Elapsed:  0.000499963760376
Connecting ...
Connected ...
Client Sending Message ...
Waiting for response ...
Got:  ACK!
Time Elapsed:  0.000230073928833
Connecting ...
Connected ...
Client Sending Message ...
Waiting for response ...
Got:  ACK!
Time Elapsed:  0.000289916992188
Connecting ...
Connected ...
Client Sending Message ...
Waiting for response ...
Got:  ACK!
Time Elapsed:  0.000270128250122
Connecting ...
Connected ...
Client Sending Message ...
Waiting for response ...
Got:  ACK!
Time Elapsed:  0.000240087509155
Connecting ...
Connected ...
Client Sending Message ...
Waiting for response ...
Got:  ACK!
Time Elapsed:  0.000259876251221
Connecting ...
Connected ...
Client Sending Message ...
Waiting for response ...
Got:  ACK!
Time Elapsed:  0.000249862670898
Connecting ...
Connected ...
Client Sending Message ...
Waiting for response ...
Got:  ACK!
Time Elapsed:  0.000270128250122
TracerID: 0, STOP Command received. Stopping tracer ...
