SIOCSARP: Invalid argument
arp: cannot set entry on line 264 of etherfile /tmp/arp.txt !
sudo: unable to resolve host lxc-264: Connection refused
Waiting for 1 secs ...
Connecting ...
Connected ...
Client Sending Message ...
Waiting for response ...
Got:  ACK!
Time Elapsed:  0.00717997550964
Connecting ...
Connected ...
Client Sending Message ...
Waiting for response ...
Got:  ACK!
Time Elapsed:  0.000409841537476
Connecting ...
Connected ...
Client Sending Message ...
Waiting for response ...
Got:  ACK!
Time Elapsed:  0.000289916992188
Connecting ...
Connected ...
Client Sending Message ...
Waiting for response ...
Got:  ACK!
Time Elapsed:  0.000180006027222
Connecting ...
Connected ...
Client Sending Message ...
Waiting for response ...
Got:  ACK!
Time Elapsed:  0.000209808349609
Connecting ...
Connected ...
Client Sending Message ...
Waiting for response ...
Got:  ACK!
Time Elapsed:  0.000190019607544
Connecting ...
Connected ...
Client Sending Message ...
Waiting for response ...
Got:  ACK!
Time Elapsed:  0.000210046768188
Connecting ...
Connected ...
Client Sending Message ...
Waiting for response ...
Got:  ACK!
Time Elapsed:  0.000190019607544
Connecting ...
Connected ...
Client Sending Message ...
Waiting for response ...
Got:  ACK!
Time Elapsed:  0.000329971313477
Connecting ...
Connected ...
Client Sending Message ...
Waiting for response ...
Got:  ACK!
Time Elapsed:  0.000199794769287
TracerID: 0, STOP Command received. Stopping tracer ...
