SIOCSARP: Invalid argument
arp: cannot set entry on line 160 of etherfile /tmp/arp.txt !
sudo: unable to resolve host lxc-160: Connection refused
Waiting for 1 secs ...
Connecting ...
Connected ...
Client Sending Message ...
Waiting for response ...
Got:  ACK!
Time Elapsed:  0.00353002548218
Connecting ...
Connected ...
Client Sending Message ...
Waiting for response ...
Got:  ACK!
Time Elapsed:  0.00065016746521
Connecting ...
Connected ...
Client Sending Message ...
Waiting for response ...
Got:  ACK!
Time Elapsed:  0.000370025634766
Connecting ...
Connected ...
Client Sending Message ...
Waiting for response ...
Got:  ACK!
Time Elapsed:  0.000269889831543
Connecting ...
Connected ...
Client Sending Message ...
Waiting for response ...
Got:  ACK!
Time Elapsed:  0.000339984893799
Connecting ...
Connected ...
Client Sending Message ...
Waiting for response ...
Got:  ACK!
Time Elapsed:  0.000190019607544
Connecting ...
Connected ...
Client Sending Message ...
Waiting for response ...
Got:  ACK!
Time Elapsed:  0.000180006027222
Connecting ...
Connected ...
Client Sending Message ...
Waiting for response ...
Got:  ACK!
Time Elapsed:  0.000180006027222
Connecting ...
Connected ...
Client Sending Message ...
Waiting for response ...
Got:  ACK!
Time Elapsed:  0.000180006027222
Connecting ...
Connected ...
Client Sending Message ...
Waiting for response ...
Got:  ACK!
Time Elapsed:  0.000190019607544
TracerID: 0, STOP Command received. Stopping tracer ...
