SIOCSARP: Invalid argument
arp: cannot set entry on line 182 of etherfile /tmp/arp.txt !
sudo: unable to resolve host lxc-182: Connection refused
Waiting for 1 secs ...
Connecting ...
Connected ...
Client Sending Message ...
Waiting for response ...
Got:  ACK!
Time Elapsed:  0.00569009780884
Connecting ...
Connected ...
Client Sending Message ...
Waiting for response ...
Got:  ACK!
Time Elapsed:  0.000300168991089
Connecting ...
Connected ...
Client Sending Message ...
Waiting for response ...
Got:  ACK!
Time Elapsed:  0.000220060348511
Connecting ...
Connected ...
Client Sending Message ...
Waiting for response ...
Got:  ACK!
Time Elapsed:  0.000230073928833
Connecting ...
Connected ...
Client Sending Message ...
Waiting for response ...
Got:  ACK!
Time Elapsed:  0.000300168991089
Connecting ...
Connected ...
Client Sending Message ...
Waiting for response ...
Got:  ACK!
Time Elapsed:  0.000200033187866
Connecting ...
Connected ...
Client Sending Message ...
Waiting for response ...
Got:  ACK!
Time Elapsed:  0.000230073928833
Connecting ...
Connected ...
Client Sending Message ...
Waiting for response ...
Got:  ACK!
Time Elapsed:  0.000199794769287
Connecting ...
Connected ...
Client Sending Message ...
Waiting for response ...
Got:  ACK!
Time Elapsed:  0.000230073928833
Connecting ...
Connected ...
Client Sending Message ...
Waiting for response ...
Got:  ACK!
Time Elapsed:  0.000209808349609
TracerID: 0, STOP Command received. Stopping tracer ...
