SIOCSARP: Invalid argument
arp: cannot set entry on line 86 of etherfile /tmp/arp.txt !
sudo: unable to resolve host lxc-86: Connection refused
Waiting for 1 secs ...
Connecting ...
Connected ...
Client Sending Message ...
Waiting for response ...
Got:  ACK!
Time Elapsed:  0.00570011138916
Connecting ...
Connected ...
Client Sending Message ...
Waiting for response ...
Got:  ACK!
Time Elapsed:  0.00220990180969
Connecting ...
Connected ...
Client Sending Message ...
Waiting for response ...
Got:  ACK!
Time Elapsed:  0.000339984893799
Connecting ...
Connected ...
Client Sending Message ...
Waiting for response ...
Got:  ACK!
Time Elapsed:  0.000249862670898
Connecting ...
Connected ...
Client Sending Message ...
Waiting for response ...
Got:  ACK!
Time Elapsed:  0.000280141830444
Connecting ...
Connected ...
Client Sending Message ...
Waiting for response ...
Got:  ACK!
Time Elapsed:  0.000240087509155
Connecting ...
Connected ...
Client Sending Message ...
Waiting for response ...
Got:  ACK!
Time Elapsed:  0.000240087509155
Connecting ...
Connected ...
Client Sending Message ...
Waiting for response ...
Got:  ACK!
Time Elapsed:  0.000230073928833
Connecting ...
Connected ...
Client Sending Message ...
Waiting for response ...
Got:  ACK!
Time Elapsed:  0.000220060348511
Connecting ...
Connected ...
Client Sending Message ...
Waiting for response ...
Got:  ACK!
Time Elapsed:  0.000230073928833
TracerID: 0, STOP Command received. Stopping tracer ...
